<?xml version="1.0" encoding="utf-8"?><testsuites name="pytest tests"><testsuite name="pytest" errors="0" failures="0" skipped="2" tests="28" time="4.832" timestamp="2026-03-17T06:37:47.475155+00:00" hostname="agent-env-1a6e1f07-c8d7-49b2-8ed4-e8eaaf359b37"><testcase classname="tests.test_seo_landing_pages.TestLeadsAPI" name="test_submit_lead_success" time="0.473" /><testcase classname="tests.test_seo_landing_pages.TestLeadsAPI" name="test_submit_lead_minimal_fields" time="0.353" /><testcase classname="tests.test_seo_landing_pages.TestLeadsAPI" name="test_submit_lead_empty_name_fails" time="0.103" /><testcase classname="tests.test_seo_landing_pages.TestLeadsAPI" name="test_submit_lead_empty_phone_fails" time="0.102" /><testcase classname="tests.test_seo_landing_pages.TestLeadsAPI" name="test_submit_lead_whitespace_only_fails" time="0.153" /><testcase classname="tests.test_seo_landing_pages.TestLeadsAPI" name="test_submit_lead_with_location_source" time="0.375" /><testcase classname="tests.test_seo_landing_pages.TestLeadsAPI" name="test_submit_lead_with_health_check_data" time="0.333" /><testcase classname="tests.test_seo_landing_pages.TestSitemapAPI" name="test_sitemap_returns_xml" time="0.108" /><testcase classname="tests.test_seo_landing_pages.TestSitemapAPI" name="test_sitemap_contains_service_pages" time="0.105"><skipped type="pytest.skip" message="Sitemap not accessible via this route">/app/backend/tests/test_seo_landing_pages.py:174: Sitemap not accessible via this route</skipped></testcase><testcase classname="tests.test_seo_landing_pages.TestSitemapAPI" name="test_sitemap_contains_location_pages" time="0.112"><skipped type="pytest.skip" message="Sitemap not accessible via this route">/app/backend/tests/test_seo_landing_pages.py:184: Sitemap not accessible via this route</skipped></testcase><testcase classname="tests.test_seo_landing_pages.TestExistingRoutesStillWork" name="test_home_page_loads" time="0.099" /><testcase classname="tests.test_seo_landing_pages.TestExistingRoutesStillWork" name="test_amc_page_loads" time="0.109" /><testcase classname="tests.test_seo_landing_pages.TestExistingRoutesStillWork" name="test_support_page_loads" time="0.153" /><testcase classname="tests.test_seo_landing_pages.TestExistingRoutesStillWork" name="test_email_service_page_loads" time="0.111" /><testcase classname="tests.test_seo_landing_pages.TestExistingRoutesStillWork" name="test_cybersecurity_page_loads" time="0.099" /><testcase classname="tests.test_seo_landing_pages.TestSEOLandingPageRoutes" name="test_service_landing_page_accessible[cctv-installation]" time="0.157" /><testcase classname="tests.test_seo_landing_pages.TestSEOLandingPageRoutes" name="test_service_landing_page_accessible[networking]" time="0.319" /><testcase classname="tests.test_seo_landing_pages.TestSEOLandingPageRoutes" name="test_service_landing_page_accessible[server-solutions]" time="0.097" /><testcase classname="tests.test_seo_landing_pages.TestSEOLandingPageRoutes" name="test_service_landing_page_accessible[printer-repair]" time="0.103" /><testcase classname="tests.test_seo_landing_pages.TestSEOLandingPageRoutes" name="test_service_landing_page_accessible[ups-solutions]" time="0.119" /><testcase classname="tests.test_seo_landing_pages.TestSEOLandingPageRoutes" name="test_service_landing_page_accessible[data-backup]" time="0.102" /><testcase classname="tests.test_seo_landing_pages.TestSEOLandingPageRoutes" name="test_service_landing_page_accessible[apple-repair]" time="0.105" /><testcase classname="tests.test_seo_landing_pages.TestSEOLandingPageRoutes" name="test_service_landing_page_accessible[firewall-security]" time="0.327" /><testcase classname="tests.test_seo_landing_pages.TestSEOLandingPageRoutes" name="test_location_landing_page_accessible[it-support-mumbai]" time="0.103" /><testcase classname="tests.test_seo_landing_pages.TestSEOLandingPageRoutes" name="test_location_landing_page_accessible[computer-repair-mumbai]" time="0.112" /><testcase classname="tests.test_seo_landing_pages.TestSEOLandingPageRoutes" name="test_location_landing_page_accessible[it-support-small-business]" time="0.115" /><testcase classname="tests.test_seo_landing_pages.TestSEOLandingPageRoutes" name="test_location_landing_page_accessible[it-services-mulund-thane]" time="0.127" /><testcase classname="tests.test_seo_landing_pages.TestLeadsListAPI" name="test_list_leads_endpoint_exists" time="0.102" /></testsuite></testsuites>