<?xml version="1.0" encoding="utf-8"?><testsuites name="pytest tests"><testsuite name="pytest" errors="0" failures="0" skipped="1" tests="23" time="4.988" timestamp="2026-03-14T09:30:29.810962+00:00" hostname="agent-env-63257778-786b-474f-938a-eb54972e2fe3"><testcase classname="test_blog_api.TestBlogCategories" name="test_get_categories_returns_list" time="0.123" /><testcase classname="test_blog_api.TestBlogSettings" name="test_get_settings_returns_defaults" time="0.105" /><testcase classname="test_blog_api.TestBlogSettings" name="test_update_settings_posts_per_week" time="0.320" /><testcase classname="test_blog_api.TestBlogSettings" name="test_update_settings_preferred_days" time="0.327" /><testcase classname="test_blog_api.TestBlogSettings" name="test_update_settings_preferred_hour" time="0.333" /><testcase classname="test_blog_api.TestBlogSettings" name="test_update_settings_auto_generate_toggle" time="0.422" /><testcase classname="test_blog_api.TestBlogSettings" name="test_settings_validation_posts_per_week_invalid" time="0.200" /><testcase classname="test_blog_api.TestBlogSettings" name="test_settings_validation_preferred_hour_invalid" time="0.198" /><testcase classname="test_blog_api.TestBlogSettings" name="test_settings_validation_preferred_days_invalid" time="0.133" /><testcase classname="test_blog_api.TestSchedulerStatus" name="test_get_scheduler_status" time="0.103" /><testcase classname="test_blog_api.TestBlogPosts" name="test_get_pending_posts" time="0.104" /><testcase classname="test_blog_api.TestBlogPosts" name="test_get_published_posts" time="0.111" /><testcase classname="test_blog_api.TestBlogPosts" name="test_get_post_by_slug_or_id" time="0.320" /><testcase classname="test_blog_api.TestBlogPosts" name="test_get_post_not_found" time="0.114" /><testcase classname="test_blog_api.TestPostStatusChange" name="test_change_post_status_to_published" time="0.418" /><testcase classname="test_blog_api.TestPostStatusChange" name="test_change_post_status_to_rejected" time="0.415" /><testcase classname="test_blog_api.TestPostStatusChange" name="test_change_post_status_invalid" time="0.201" /><testcase classname="test_blog_api.TestBlogSitemap" name="test_get_sitemap" time="0.111" /><testcase classname="test_blog_api.TestFeaturedImages" name="test_published_posts_have_featured_image_field" time="0.100" /><testcase classname="test_blog_api.TestFeaturedImages" name="test_post_with_featured_image_has_valid_path" time="0.176" /><testcase classname="test_blog_api.TestFeaturedImages" name="test_blog_uploads_static_file_serving" time="0.281" /><testcase classname="test_blog_api.TestFeaturedImages" name="test_full_post_includes_featured_image" time="0.209" /><testcase classname="test_blog_api.TestBlogPostDelete" name="test_delete_post" time="0.108"><skipped type="pytest.skip" message="No rejected posts to safely delete">/app/backend/tests/test_blog_api.py:456: No rejected posts to safely delete</skipped></testcase></testsuite></testsuites>