<?xml version="1.0" encoding="utf-8"?><testsuites name="pytest tests"><testsuite name="pytest" errors="0" failures="0" skipped="0" tests="26" time="5.525" timestamp="2026-03-18T17:56:20.919150+00:00" hostname="agent-env-df88098e-8743-4a8d-88b4-31fb10593ed2"><testcase classname="backend.tests.test_phase3_portal.TestPortalUserManagement" name="test_create_portal_user_success" time="0.473" /><testcase classname="backend.tests.test_phase3_portal.TestPortalUserManagement" name="test_create_portal_user_invalid_client" time="0.069" /><testcase classname="backend.tests.test_phase3_portal.TestPortalUserManagement" name="test_list_portal_users" time="0.121" /><testcase classname="backend.tests.test_phase3_portal.TestPortalUserManagement" name="test_delete_portal_user" time="0.183" /><testcase classname="backend.tests.test_phase3_portal.TestPortalAuth" name="test_portal_login_success" time="0.091" /><testcase classname="backend.tests.test_phase3_portal.TestPortalAuth" name="test_portal_login_wrong_password" time="0.067" /><testcase classname="backend.tests.test_phase3_portal.TestPortalAuth" name="test_portal_login_nonexistent_email" time="0.064" /><testcase classname="backend.tests.test_phase3_portal.TestPortalAuth" name="test_portal_verify_token" time="0.152" /><testcase classname="backend.tests.test_phase3_portal.TestPortalAuth" name="test_portal_verify_invalid_token" time="0.082" /><testcase classname="backend.tests.test_phase3_portal.TestPortalAuth" name="test_portal_logout" time="0.378" /><testcase classname="backend.tests.test_phase3_portal.TestPortalDashboard" name="test_get_dashboard" time="0.076" /><testcase classname="backend.tests.test_phase3_portal.TestPortalDashboard" name="test_dashboard_unauthorized" time="0.055" /><testcase classname="backend.tests.test_phase3_portal.TestPortalAssets" name="test_get_assets" time="0.064" /><testcase classname="backend.tests.test_phase3_portal.TestPortalAssets" name="test_get_assets_with_search" time="0.058" /><testcase classname="backend.tests.test_phase3_portal.TestPortalAssets" name="test_assets_unauthorized" time="0.065" /><testcase classname="backend.tests.test_phase3_portal.TestPortalAMCs" name="test_get_amcs" time="0.059" /><testcase classname="backend.tests.test_phase3_portal.TestPortalEmployees" name="test_get_employees" time="0.060" /><testcase classname="backend.tests.test_phase3_portal.TestPortalTickets" name="test_get_tickets" time="0.080" /><testcase classname="backend.tests.test_phase3_portal.TestPortalTickets" name="test_create_ticket" time="1.957" /><testcase classname="backend.tests.test_phase3_portal.TestPortalTickets" name="test_create_ticket_missing_fields" time="0.061" /><testcase classname="backend.tests.test_phase3_portal.TestAMCEnhancements" name="test_create_amc_with_visits" time="0.131" /><testcase classname="backend.tests.test_phase3_portal.TestAMCEnhancements" name="test_create_amc_with_asset_linking" time="0.287" /><testcase classname="backend.tests.test_phase3_portal.TestAMCEnhancements" name="test_amc_list_shows_visits" time="0.204" /><testcase classname="backend.tests.test_phase3_portal.TestAssetServiceHistory" name="test_get_service_history" time="0.090" /><testcase classname="backend.tests.test_phase3_portal.TestAssetServiceHistory" name="test_service_history_invalid_asset" time="0.068" /><testcase classname="backend.tests.test_phase3_portal.TestWorkspacePortalIntegration" name="test_workspace_clients_endpoint" time="0.320" /></testsuite></testsuites>