<?xml version="1.0" encoding="utf-8"?><testsuites name="pytest tests"><testsuite name="pytest" errors="0" failures="0" skipped="0" tests="30" time="7.703" timestamp="2026-02-16T20:34:07.910345+00:00" hostname="agent-env-5f177667-ad4e-44fa-bb2b-de64089d6c9c"><testcase classname="tests.test_kb_api.TestKBAdminAuth" name="test_admin_setup" time="0.168" /><testcase classname="tests.test_kb_api.TestKBAdminAuth" name="test_admin_login_success" time="0.345" /><testcase classname="tests.test_kb_api.TestKBAdminAuth" name="test_admin_login_invalid_credentials" time="0.134" /><testcase classname="tests.test_kb_api.TestKBAdminAuth" name="test_admin_me_with_token" time="0.425" /><testcase classname="tests.test_kb_api.TestKBAdminAuth" name="test_admin_me_without_token" time="0.075" /><testcase classname="tests.test_kb_api.TestKBCategories" name="test_create_category" time="0.639" /><testcase classname="tests.test_kb_api.TestKBCategories" name="test_get_all_categories" time="0.147" /><testcase classname="tests.test_kb_api.TestKBCategories" name="test_get_single_category" time="0.145" /><testcase classname="tests.test_kb_api.TestKBCategories" name="test_update_category" time="0.114" /><testcase classname="tests.test_kb_api.TestKBCategories" name="test_create_duplicate_slug_fails" time="0.062" /><testcase classname="tests.test_kb_api.TestKBSubcategories" name="test_create_subcategory" time="0.611" /><testcase classname="tests.test_kb_api.TestKBSubcategories" name="test_get_all_subcategories" time="0.095" /><testcase classname="tests.test_kb_api.TestKBSubcategories" name="test_get_subcategories_by_category" time="0.094" /><testcase classname="tests.test_kb_api.TestKBSubcategories" name="test_update_subcategory" time="0.234" /><testcase classname="tests.test_kb_api.TestKBSubcategories" name="test_create_subcategory_invalid_category" time="0.075" /><testcase classname="tests.test_kb_api.TestKBArticles" name="test_create_article" time="0.757" /><testcase classname="tests.test_kb_api.TestKBArticles" name="test_get_all_articles" time="0.084" /><testcase classname="tests.test_kb_api.TestKBArticles" name="test_get_articles_by_status" time="0.084" /><testcase classname="tests.test_kb_api.TestKBArticles" name="test_get_single_article" time="0.197" /><testcase classname="tests.test_kb_api.TestKBArticles" name="test_update_article" time="0.217" /><testcase classname="tests.test_kb_api.TestKBArticles" name="test_create_article_invalid_subcategory" time="0.104" /><testcase classname="tests.test_kb_api.TestKBStats" name="test_get_stats" time="0.483" /><testcase classname="tests.test_kb_api.TestKBPublicAPI" name="test_public_get_categories" time="0.142" /><testcase classname="tests.test_kb_api.TestKBPublicAPI" name="test_public_get_category_by_slug" time="0.110" /><testcase classname="tests.test_kb_api.TestKBPublicAPI" name="test_public_get_category_not_found" time="0.062" /><testcase classname="tests.test_kb_api.TestKBPublicAPI" name="test_public_get_subcategory_articles" time="0.124" /><testcase classname="tests.test_kb_api.TestKBPublicAPI" name="test_public_get_article_by_slug" time="0.555" /><testcase classname="tests.test_kb_api.TestKBPublicAPI" name="test_public_search" time="0.071" /><testcase classname="tests.test_kb_api.TestKBPublicAPI" name="test_public_search_min_length" time="0.094" /><testcase classname="tests.test_kb_api.TestKBCleanup" name="test_cleanup_test_data" time="1.187" /></testsuite></testsuites>