<?xml version="1.0" encoding="utf-8"?><testsuites name="pytest tests"><testsuite name="pytest" errors="0" failures="0" skipped="0" tests="36" time="4.675" timestamp="2026-03-18T17:04:52.455921+00:00" hostname="agent-env-1a6e1f07-c8d7-49b2-8ed4-e8eaaf359b37"><testcase classname="backend.tests.test_asset_management.TestAssetStats" name="test_stats_returns_valid_data" time="0.259" /><testcase classname="backend.tests.test_asset_management.TestAssetStats" name="test_stats_with_client_filter" time="0.109" /><testcase classname="backend.tests.test_asset_management.TestAssetCRUD" name="test_create_asset" time="0.077" /><testcase classname="backend.tests.test_asset_management.TestAssetCRUD" name="test_get_asset_list" time="0.089" /><testcase classname="backend.tests.test_asset_management.TestAssetCRUD" name="test_get_asset_list_with_search" time="0.080" /><testcase classname="backend.tests.test_asset_management.TestAssetCRUD" name="test_get_asset_list_with_type_filter" time="0.082" /><testcase classname="backend.tests.test_asset_management.TestAssetCRUD" name="test_get_asset_list_with_status_filter" time="0.097" /><testcase classname="backend.tests.test_asset_management.TestAssetCRUD" name="test_get_asset_list_with_client_filter" time="0.079" /><testcase classname="backend.tests.test_asset_management.TestAssetCRUD" name="test_get_single_asset" time="0.084" /><testcase classname="backend.tests.test_asset_management.TestAssetCRUD" name="test_get_asset_not_found" time="0.074" /><testcase classname="backend.tests.test_asset_management.TestAssetCRUD" name="test_update_asset" time="0.148" /><testcase classname="backend.tests.test_asset_management.TestAssetCRUD" name="test_update_asset_no_fields" time="0.083" /><testcase classname="backend.tests.test_asset_management.TestAssetQRCode" name="test_get_qr_code" time="0.084" /><testcase classname="backend.tests.test_asset_management.TestAssetQRCode" name="test_get_qr_code_not_found" time="0.097" /><testcase classname="backend.tests.test_asset_management.TestAccessories" name="test_create_accessory" time="0.074" /><testcase classname="backend.tests.test_asset_management.TestAccessories" name="test_parent_asset_shows_accessories" time="0.087" /><testcase classname="backend.tests.test_asset_management.TestAccessories" name="test_accessories_excluded_from_parent_only_list" time="0.092" /><testcase classname="backend.tests.test_asset_management.TestClientsSummary" name="test_clients_asset_summary" time="0.085" /><testcase classname="backend.tests.test_asset_management.TestAssetDelete" name="test_delete_asset_with_accessories" time="0.224" /><testcase classname="backend.tests.test_asset_management.TestAssetDelete" name="test_delete_asset_not_found" time="0.081" /><testcase classname="backend.tests.test_asset_management.TestAssetValidation" name="test_create_asset_invalid_client" time="0.072" /><testcase classname="backend.tests.test_asset_management.TestStatsAfterCleanup" name="test_stats_count_correct" time="0.158" /><testcase classname="backend.tests.test_asset_management.TestAssetSpecsDeviceSpecific" name="test_create_cctv_camera_with_specs" time="0.118" /><testcase classname="backend.tests.test_asset_management.TestAssetSpecsDeviceSpecific" name="test_create_laptop_with_specs" time="0.069" /><testcase classname="backend.tests.test_asset_management.TestAssetSpecsDeviceSpecific" name="test_create_router_with_specs" time="0.073" /><testcase classname="backend.tests.test_asset_management.TestAssetSpecsDeviceSpecific" name="test_create_printer_with_specs" time="0.073" /><testcase classname="backend.tests.test_asset_management.TestAssetSpecsDeviceSpecific" name="test_create_server_with_specs" time="0.080" /><testcase classname="backend.tests.test_asset_management.TestAssetSpecsDeviceSpecific" name="test_create_switch_with_specs" time="0.077" /><testcase classname="backend.tests.test_asset_management.TestAssetSpecsDeviceSpecific" name="test_get_cctv_asset_with_specs" time="0.074" /><testcase classname="backend.tests.test_asset_management.TestAssetSpecsDeviceSpecific" name="test_get_laptop_asset_with_specs" time="0.091" /><testcase classname="backend.tests.test_asset_management.TestAssetSpecsDeviceSpecific" name="test_update_asset_specs" time="0.155" /><testcase classname="backend.tests.test_asset_management.TestBulkUpload" name="test_bulk_upload_with_valid_data" time="0.074" /><testcase classname="backend.tests.test_asset_management.TestBulkUpload" name="test_bulk_upload_with_invalid_client" time="0.110" /><testcase classname="backend.tests.test_asset_management.TestBulkUpload" name="test_bulk_upload_with_empty_rows" time="0.073" /><testcase classname="backend.tests.test_asset_management.TestBulkUpload" name="test_bulk_upload_with_specs_preserved" time="0.249" /><testcase classname="backend.tests.test_asset_management.TestCleanupPhase1Assets" name="test_cleanup_spec_test_assets" time="0.850" /></testsuite></testsuites>