<?xml version="1.0" encoding="utf-8"?><testsuites name="pytest tests"><testsuite name="pytest" errors="0" failures="0" skipped="0" tests="22" time="2.156" timestamp="2026-03-18T16:27:52.145272+00:00" hostname="agent-env-1a6e1f07-c8d7-49b2-8ed4-e8eaaf359b37"><testcase classname="backend.tests.test_asset_management.TestAssetStats" name="test_stats_returns_valid_data" time="0.255" /><testcase classname="backend.tests.test_asset_management.TestAssetStats" name="test_stats_with_client_filter" time="0.062" /><testcase classname="backend.tests.test_asset_management.TestAssetCRUD" name="test_create_asset" time="0.061" /><testcase classname="backend.tests.test_asset_management.TestAssetCRUD" name="test_get_asset_list" time="0.068" /><testcase classname="backend.tests.test_asset_management.TestAssetCRUD" name="test_get_asset_list_with_search" time="0.061" /><testcase classname="backend.tests.test_asset_management.TestAssetCRUD" name="test_get_asset_list_with_type_filter" time="0.063" /><testcase classname="backend.tests.test_asset_management.TestAssetCRUD" name="test_get_asset_list_with_status_filter" time="0.056" /><testcase classname="backend.tests.test_asset_management.TestAssetCRUD" name="test_get_asset_list_with_client_filter" time="0.060" /><testcase classname="backend.tests.test_asset_management.TestAssetCRUD" name="test_get_single_asset" time="0.058" /><testcase classname="backend.tests.test_asset_management.TestAssetCRUD" name="test_get_asset_not_found" time="0.061" /><testcase classname="backend.tests.test_asset_management.TestAssetCRUD" name="test_update_asset" time="0.125" /><testcase classname="backend.tests.test_asset_management.TestAssetCRUD" name="test_update_asset_no_fields" time="0.062" /><testcase classname="backend.tests.test_asset_management.TestAssetQRCode" name="test_get_qr_code" time="0.094" /><testcase classname="backend.tests.test_asset_management.TestAssetQRCode" name="test_get_qr_code_not_found" time="0.068" /><testcase classname="backend.tests.test_asset_management.TestAccessories" name="test_create_accessory" time="0.064" /><testcase classname="backend.tests.test_asset_management.TestAccessories" name="test_parent_asset_shows_accessories" time="0.056" /><testcase classname="backend.tests.test_asset_management.TestAccessories" name="test_accessories_excluded_from_parent_only_list" time="0.104" /><testcase classname="backend.tests.test_asset_management.TestClientsSummary" name="test_clients_asset_summary" time="0.070" /><testcase classname="backend.tests.test_asset_management.TestAssetDelete" name="test_delete_asset_with_accessories" time="0.274" /><testcase classname="backend.tests.test_asset_management.TestAssetDelete" name="test_delete_asset_not_found" time="0.054" /><testcase classname="backend.tests.test_asset_management.TestAssetValidation" name="test_create_asset_invalid_client" time="0.068" /><testcase classname="backend.tests.test_asset_management.TestStatsAfterCleanup" name="test_stats_count_correct" time="0.127" /></testsuite></testsuites>