<?xml version="1.0" encoding="utf-8"?><testsuites name="pytest tests"><testsuite name="pytest" errors="0" failures="0" skipped="0" tests="6" time="2.870" timestamp="2026-03-13T18:03:58.173774+00:00" hostname="agent-env-075d3dda-7a75-4f67-965d-072c31d857d9"><testcase classname="backend.tests.test_bug_fixes.TestTicketIdMandatory" name="test_create_task_without_ticket_id_returns_400" time="0.545" /><testcase classname="backend.tests.test_bug_fixes.TestTicketIdMandatory" name="test_create_task_with_empty_ticket_id_returns_400" time="0.577" /><testcase classname="backend.tests.test_bug_fixes.TestTicketIdMandatory" name="test_create_task_with_whitespace_ticket_id_returns_400" time="0.525" /><testcase classname="backend.tests.test_bug_fixes.TestTicketIdMandatory" name="test_create_task_with_valid_ticket_id_succeeds" time="0.725" /><testcase classname="backend.tests.test_bug_fixes.TestTaskListContainsTicketId" name="test_tasks_list_includes_ticket_id_field" time="0.118" /><testcase classname="backend.tests.test_bug_fixes.TestWhatsAppMessageContent" name="test_task_detail_includes_required_fields_for_whatsapp" time="0.333" /></testsuite></testsuites>