<?xml version="1.0" encoding="utf-8"?><testsuites name="pytest tests"><testsuite name="pytest" errors="0" failures="0" skipped="0" tests="9" time="3.010" timestamp="2026-03-14T04:06:44.687156+00:00" hostname="agent-env-075d3dda-7a75-4f67-965d-072c31d857d9"><testcase classname="backend.tests.test_iteration5_features.TestStartTaskFeature" name="test_change_task_status_to_in_progress" time="0.838" /><testcase classname="backend.tests.test_iteration5_features.TestStartTaskFeature" name="test_change_task_status_api_endpoint_exists" time="0.064" /><testcase classname="backend.tests.test_iteration5_features.TestRequestPartsNewFields" name="test_create_parts_request_with_new_fields" time="0.425" /><testcase classname="backend.tests.test_iteration5_features.TestRequestPartsNewFields" name="test_get_parts_requests_returns_client_location_names" time="0.131" /><testcase classname="backend.tests.test_iteration5_features.TestRequestPartsNewFields" name="test_parts_request_with_optional_fields_null" time="0.066" /><testcase classname="backend.tests.test_iteration5_features.TestPartsRequestValidation" name="test_parts_request_with_empty_client_id" time="0.404" /><testcase classname="backend.tests.test_iteration5_features.TestGetClientsAndLocations" name="test_get_clients_endpoint" time="0.208" /><testcase classname="backend.tests.test_iteration5_features.TestGetClientsAndLocations" name="test_get_locations_for_client" time="0.294" /><testcase classname="backend.tests.test_iteration5_features.TestGetTaskEndpoint" name="test_get_task_by_id" time="0.467" /></testsuite></testsuites>