<?xml version="1.0" encoding="utf-8"?><testsuites name="pytest tests"><testsuite name="pytest" errors="0" failures="0" skipped="0" tests="12" time="2.380" timestamp="2026-03-22T16:16:55.242287+00:00" hostname="agent-env-bd21477c-0999-4f60-82bd-92fecdb8c25d"><testcase classname="backend.tests.test_admin_centre.TestAdminLogin" name="test_login_admin_centre" time="0.157" /><testcase classname="backend.tests.test_admin_centre.TestAdminLogin" name="test_login_servicebook" time="0.123" /><testcase classname="backend.tests.test_admin_centre.TestAdminLogin" name="test_login_sales" time="0.101" /><testcase classname="backend.tests.test_admin_centre.TestAdminLogin" name="test_login_invalid_credentials" time="0.124" /><testcase classname="backend.tests.test_admin_centre.TestAdminEmployees" name="test_get_all_employees" time="0.107" /><testcase classname="backend.tests.test_admin_centre.TestEmployeeCRUD" name="test_create_employee_with_permissions" time="0.218" /><testcase classname="backend.tests.test_admin_centre.TestEmployeeCRUD" name="test_create_and_verify_employee_in_list" time="0.329" /><testcase classname="backend.tests.test_admin_centre.TestEmployeeCRUD" name="test_update_employee_permissions" time="0.432" /><testcase classname="backend.tests.test_admin_centre.TestEmployeeCRUD" name="test_deactivate_employee" time="0.311" /><testcase classname="backend.tests.test_admin_centre.TestManualLeadCreation" name="test_create_lead_manually" time="0.210" /><testcase classname="backend.tests.test_admin_centre.TestManualLeadCreation" name="test_create_lead_name_required" time="0.103" /><testcase classname="backend.tests.test_admin_centre.TestDashboardStats" name="test_lead_dashboard_stats" time="0.099" /></testsuite></testsuites>