<?xml version="1.0" encoding="utf-8"?><testsuites name="pytest tests"><testsuite name="pytest" errors="0" failures="0" skipped="0" tests="14" time="3.422" timestamp="2026-03-22T15:19:43.125900+00:00" hostname="agent-env-bd21477c-0999-4f60-82bd-92fecdb8c25d"><testcase classname="backend.tests.test_sales_crm_api.TestWorkspaceAuth" name="test_login_with_sales_section" time="0.179" /><testcase classname="backend.tests.test_sales_crm_api.TestWorkspaceAuth" name="test_login_with_servicebook_section" time="0.100" /><testcase classname="backend.tests.test_sales_crm_api.TestWorkspaceAuth" name="test_login_invalid_credentials" time="0.112" /><testcase classname="backend.tests.test_sales_crm_api.TestWorkspaceAuth" name="test_verify_token" time="0.267" /><testcase classname="backend.tests.test_sales_crm_api.TestWorkspaceAuth" name="test_logout" time="0.359" /><testcase classname="backend.tests.test_sales_crm_api.TestLeadsDashboardStats" name="test_dashboard_stats" time="0.138" /><testcase classname="backend.tests.test_sales_crm_api.TestLeadsAPI" name="test_list_all_leads" time="0.111" /><testcase classname="backend.tests.test_sales_crm_api.TestLeadsAPI" name="test_list_leads_with_status_filter" time="0.094" /><testcase classname="backend.tests.test_sales_crm_api.TestLeadsAPI" name="test_submit_lead" time="1.293" /><testcase classname="backend.tests.test_sales_crm_api.TestVisitorAnalytics" name="test_visitor_stats" time="0.111" /><testcase classname="backend.tests.test_sales_crm_api.TestVisitorAnalytics" name="test_track_visitor" time="0.138" /><testcase classname="backend.tests.test_sales_crm_api.TestScraperConfig" name="test_scraper_config" time="0.101" /><testcase classname="backend.tests.test_sales_crm_api.TestScraperConfig" name="test_scraper_jobs_list" time="0.101" /><testcase classname="backend.tests.test_sales_crm_api.TestLeadUpdate" name="test_update_lead_status" time="0.213" /></testsuite></testsuites>