<?xml version="1.0" encoding="utf-8"?><testsuites name="pytest tests"><testsuite name="pytest" errors="0" failures="0" skipped="0" tests="30" time="9.398" timestamp="2026-02-16T20:28:58.959392+00:00" hostname="agent-env-5f177667-ad4e-44fa-bb2b-de64089d6c9c"><testcase classname="tests.test_kb_api.TestKBAdminAuth" name="test_admin_setup" time="0.628" /><testcase classname="tests.test_kb_api.TestKBAdminAuth" name="test_admin_login_success" time="0.398" /><testcase classname="tests.test_kb_api.TestKBAdminAuth" name="test_admin_login_invalid_credentials" time="0.072" /><testcase classname="tests.test_kb_api.TestKBAdminAuth" name="test_admin_me_with_token" time="0.445" /><testcase classname="tests.test_kb_api.TestKBAdminAuth" name="test_admin_me_without_token" time="0.128" /><testcase classname="tests.test_kb_api.TestKBCategories" name="test_create_category" time="0.540" /><testcase classname="tests.test_kb_api.TestKBCategories" name="test_get_all_categories" time="0.195" /><testcase classname="tests.test_kb_api.TestKBCategories" name="test_get_single_category" time="0.079" /><testcase classname="tests.test_kb_api.TestKBCategories" name="test_update_category" time="0.085" /><testcase classname="tests.test_kb_api.TestKBCategories" name="test_create_duplicate_slug_fails" time="0.099" /><testcase classname="tests.test_kb_api.TestKBSubcategories" name="test_create_subcategory" time="0.924" /><testcase classname="tests.test_kb_api.TestKBSubcategories" name="test_get_all_subcategories" time="0.150" /><testcase classname="tests.test_kb_api.TestKBSubcategories" name="test_get_subcategories_by_category" time="0.081" /><testcase classname="tests.test_kb_api.TestKBSubcategories" name="test_update_subcategory" time="0.163" /><testcase classname="tests.test_kb_api.TestKBSubcategories" name="test_create_subcategory_invalid_category" time="0.109" /><testcase classname="tests.test_kb_api.TestKBArticles" name="test_create_article" time="0.907" /><testcase classname="tests.test_kb_api.TestKBArticles" name="test_get_all_articles" time="0.168" /><testcase classname="tests.test_kb_api.TestKBArticles" name="test_get_articles_by_status" time="0.107" /><testcase classname="tests.test_kb_api.TestKBArticles" name="test_get_single_article" time="0.226" /><testcase classname="tests.test_kb_api.TestKBArticles" name="test_update_article" time="0.256" /><testcase classname="tests.test_kb_api.TestKBArticles" name="test_create_article_invalid_subcategory" time="0.122" /><testcase classname="tests.test_kb_api.TestKBStats" name="test_get_stats" time="0.675" /><testcase classname="tests.test_kb_api.TestKBPublicAPI" name="test_public_get_categories" time="0.343" /><testcase classname="tests.test_kb_api.TestKBPublicAPI" name="test_public_get_category_by_slug" time="0.283" /><testcase classname="tests.test_kb_api.TestKBPublicAPI" name="test_public_get_category_not_found" time="0.080" /><testcase classname="tests.test_kb_api.TestKBPublicAPI" name="test_public_get_subcategory_articles" time="0.202" /><testcase classname="tests.test_kb_api.TestKBPublicAPI" name="test_public_get_article_by_slug" time="0.576" /><testcase classname="tests.test_kb_api.TestKBPublicAPI" name="test_public_search" time="0.156" /><testcase classname="tests.test_kb_api.TestKBPublicAPI" name="test_public_search_min_length" time="0.113" /><testcase classname="tests.test_kb_api.TestKBCleanup" name="test_cleanup_test_data" time="0.947" /></testsuite></testsuites>