<?xml version="1.0" encoding="utf-8"?><testsuites name="pytest tests"><testsuite name="pytest" errors="0" failures="0" skipped="1" tests="19" time="4.541" timestamp="2026-03-14T09:11:28.302071+00:00" hostname="agent-env-63257778-786b-474f-938a-eb54972e2fe3"><testcase classname="backend.tests.test_blog_api.TestBlogCategories" name="test_get_categories_returns_list" time="0.217" /><testcase classname="backend.tests.test_blog_api.TestBlogSettings" name="test_get_settings_returns_defaults" time="0.103" /><testcase classname="backend.tests.test_blog_api.TestBlogSettings" name="test_update_settings_posts_per_week" time="0.384" /><testcase classname="backend.tests.test_blog_api.TestBlogSettings" name="test_update_settings_preferred_days" time="0.331" /><testcase classname="backend.tests.test_blog_api.TestBlogSettings" name="test_update_settings_preferred_hour" time="0.305" /><testcase classname="backend.tests.test_blog_api.TestBlogSettings" name="test_update_settings_auto_generate_toggle" time="0.439" /><testcase classname="backend.tests.test_blog_api.TestBlogSettings" name="test_settings_validation_posts_per_week_invalid" time="0.285" /><testcase classname="backend.tests.test_blog_api.TestBlogSettings" name="test_settings_validation_preferred_hour_invalid" time="0.227" /><testcase classname="backend.tests.test_blog_api.TestBlogSettings" name="test_settings_validation_preferred_days_invalid" time="0.098" /><testcase classname="backend.tests.test_blog_api.TestSchedulerStatus" name="test_get_scheduler_status" time="0.097" /><testcase classname="backend.tests.test_blog_api.TestBlogPosts" name="test_get_pending_posts" time="0.099" /><testcase classname="backend.tests.test_blog_api.TestBlogPosts" name="test_get_published_posts" time="0.095" /><testcase classname="backend.tests.test_blog_api.TestBlogPosts" name="test_get_post_by_slug_or_id" time="0.365" /><testcase classname="backend.tests.test_blog_api.TestBlogPosts" name="test_get_post_not_found" time="0.099" /><testcase classname="backend.tests.test_blog_api.TestPostStatusChange" name="test_change_post_status_to_published" time="0.405" /><testcase classname="backend.tests.test_blog_api.TestPostStatusChange" name="test_change_post_status_to_rejected" time="0.404" /><testcase classname="backend.tests.test_blog_api.TestPostStatusChange" name="test_change_post_status_invalid" time="0.200" /><testcase classname="backend.tests.test_blog_api.TestBlogSitemap" name="test_get_sitemap" time="0.100" /><testcase classname="backend.tests.test_blog_api.TestBlogPostDelete" name="test_delete_post" time="0.097"><skipped type="pytest.skip" message="No rejected posts to safely delete">/app/backend/tests/test_blog_api.py:380: No rejected posts to safely delete</skipped></testcase></testsuite></testsuites>