<?xml version="1.0" encoding="utf-8"?><testsuites name="pytest tests"><testsuite name="pytest" errors="0" failures="0" skipped="0" tests="31" time="4.179" timestamp="2026-03-13T14:28:24.112746+00:00" hostname="agent-env-ec0152b7-2299-4ed9-b603-96faceca0b72"><testcase classname="backend.tests.test_workspace_api.TestSetup" name="test_setup_endpoint" time="0.152" /><testcase classname="backend.tests.test_workspace_api.TestAuth" name="test_login_success" time="0.157" /><testcase classname="backend.tests.test_workspace_api.TestAuth" name="test_login_invalid_password" time="0.124" /><testcase classname="backend.tests.test_workspace_api.TestAuth" name="test_login_invalid_employee" time="0.123" /><testcase classname="backend.tests.test_workspace_api.TestAuth" name="test_verify_token" time="0.131" /><testcase classname="backend.tests.test_workspace_api.TestAuth" name="test_verify_invalid_token" time="0.147" /><testcase classname="backend.tests.test_workspace_api.TestEmployees" name="test_get_employees" time="0.123" /><testcase classname="backend.tests.test_workspace_api.TestEmployees" name="test_create_employee" time="0.114" /><testcase classname="backend.tests.test_workspace_api.TestEmployees" name="test_create_duplicate_employee" time="0.154" /><testcase classname="backend.tests.test_workspace_api.TestEmployees" name="test_get_employee_by_id" time="0.109" /><testcase classname="backend.tests.test_workspace_api.TestClients" name="test_get_clients_empty" time="0.163" /><testcase classname="backend.tests.test_workspace_api.TestClients" name="test_create_client" time="0.144" /><testcase classname="backend.tests.test_workspace_api.TestClients" name="test_get_client_detail" time="0.125" /><testcase classname="backend.tests.test_workspace_api.TestLocations" name="test_create_location" time="0.183" /><testcase classname="backend.tests.test_workspace_api.TestLocations" name="test_get_client_locations" time="0.142" /><testcase classname="backend.tests.test_workspace_api.TestContacts" name="test_create_contact" time="0.128" /><testcase classname="backend.tests.test_workspace_api.TestContacts" name="test_get_client_contacts" time="0.124" /><testcase classname="backend.tests.test_workspace_api.TestParts" name="test_get_parts_empty" time="0.112" /><testcase classname="backend.tests.test_workspace_api.TestParts" name="test_create_part" time="0.120" /><testcase classname="backend.tests.test_workspace_api.TestParts" name="test_get_parts_verify_created" time="0.113" /><testcase classname="backend.tests.test_workspace_api.TestTasks" name="test_get_tasks_empty" time="0.124" /><testcase classname="backend.tests.test_workspace_api.TestTasks" name="test_create_task" time="0.133" /><testcase classname="backend.tests.test_workspace_api.TestTasks" name="test_get_tasks_verify_created" time="0.130" /><testcase classname="backend.tests.test_workspace_api.TestTasks" name="test_update_task_status" time="0.130" /><testcase classname="backend.tests.test_workspace_api.TestTasks" name="test_verify_task_status_updated" time="0.134" /><testcase classname="backend.tests.test_workspace_api.TestServiceEntries" name="test_get_service_entries_empty" time="0.135" /><testcase classname="backend.tests.test_workspace_api.TestServiceEntries" name="test_get_pending_billing_empty" time="0.108" /><testcase classname="backend.tests.test_workspace_api.TestPartsRequests" name="test_get_parts_requests_empty" time="0.108" /><testcase classname="backend.tests.test_workspace_api.TestExpenses" name="test_get_expenses_empty" time="0.124" /><testcase classname="backend.tests.test_workspace_api.TestDashboard" name="test_get_dashboard_stats" time="0.103" /><testcase classname="backend.tests.test_workspace_api.TestCleanup" name="test_logout" time="0.117" /></testsuite></testsuites>