<?xml version="1.0" encoding="utf-8"?><testsuites name="pytest tests"><testsuite name="pytest" errors="0" failures="0" skipped="0" tests="21" time="4.231" timestamp="2026-03-22T15:45:34.403950+00:00" hostname="agent-env-bd21477c-0999-4f60-82bd-92fecdb8c25d"><testcase classname="backend.tests.test_espocrm_features.TestAccountsCRUD" name="test_create_account" time="0.259" /><testcase classname="backend.tests.test_espocrm_features.TestAccountsCRUD" name="test_list_accounts_with_counts" time="0.118" /><testcase classname="backend.tests.test_espocrm_features.TestAccountsCRUD" name="test_list_accounts_with_search" time="0.105" /><testcase classname="backend.tests.test_espocrm_features.TestAccountsCRUD" name="test_get_account_detail" time="0.126" /><testcase classname="backend.tests.test_espocrm_features.TestAccountsCRUD" name="test_update_account" time="0.230" /><testcase classname="backend.tests.test_espocrm_features.TestAccountsCRUD" name="test_delete_account" time="0.221" /><testcase classname="backend.tests.test_espocrm_features.TestContactsCRUD" name="test_create_contact_with_account" time="0.197" /><testcase classname="backend.tests.test_espocrm_features.TestContactsCRUD" name="test_list_contacts_with_account_name" time="0.112" /><testcase classname="backend.tests.test_espocrm_features.TestContactsCRUD" name="test_list_contacts_with_search" time="0.116" /><testcase classname="backend.tests.test_espocrm_features.TestContactsCRUD" name="test_get_contact_detail" time="0.107" /><testcase classname="backend.tests.test_espocrm_features.TestContactsCRUD" name="test_update_contact" time="0.279" /><testcase classname="backend.tests.test_espocrm_features.TestContactsCRUD" name="test_delete_contact" time="0.310" /><testcase classname="backend.tests.test_espocrm_features.TestLeadDetailAndStream" name="test_get_lead_detail" time="0.259" /><testcase classname="backend.tests.test_espocrm_features.TestLeadDetailAndStream" name="test_add_stream_comment" time="0.111" /><testcase classname="backend.tests.test_espocrm_features.TestLeadDetailAndStream" name="test_get_lead_stream" time="0.094" /><testcase classname="backend.tests.test_espocrm_features.TestLeadDetailAndStream" name="test_update_lead_with_new_fields" time="0.217" /><testcase classname="backend.tests.test_espocrm_features.TestLeadDetailAndStream" name="test_status_change_creates_stream_entry" time="0.790" /><testcase classname="backend.tests.test_espocrm_features.TestLeadDetailNotFound" name="test_get_nonexistent_lead_detail" time="0.154" /><testcase classname="backend.tests.test_espocrm_features.TestExistingData" name="test_existing_account_hinal_container_lines" time="0.100" /><testcase classname="backend.tests.test_espocrm_features.TestExistingData" name="test_existing_contact_rahul_sharma" time="0.098" /><testcase classname="backend.tests.test_espocrm_features.TestExistingData" name="test_leads_exist" time="0.114" /></testsuite></testsuites>